<?xml version="1.0" encoding="UTF-8"?>
<!-- Generated by org.testng.reporters.JUnitXMLReporter -->
<testsuite ignored="0" hostname="LAPTOP-Zico" failures="1" tests="5" name="Functional Testing" time="1.272" errors="0" timestamp="2022-02-18T10:17:32 CET">
  <testcase classname="ui.groupDemoTest" name="aTest" time="0.001"/>
  <testcase classname="ui.groupDemoTest" name="bTest" time="0.002"/>
  <testcase classname="ui.groupDemoTest" name="cTest" time="0.001"/>
  <testcase classname="ui.groupDemoTest" name="dTest" time="0.001"/>
  <testcase classname="ui.webTestSoftAssert" name="homePageTest2" time="1.251">
    <failure type="java.lang.AssertionError" message="The following asserts failed:
	Page Title Verification expected [Swag Labs TTT] but found [Swag Labs]">
      <![CDATA[java.lang.AssertionError: The following asserts failed:
Page Title Verification expected [Swag Labs TTT] but found [Swag Labs]
at ui.webTestSoftAssert.homePageTest2(webTestSoftAssert.java:34)
at java.base/java.util.ArrayList.forEach(ArrayList.java:1511)
... Removed 30 stack frames]]>
    </failure>
  </testcase> <!-- homePageTest2 -->
</testsuite> <!-- Functional Testing -->
