<?xml version="1.0" encoding="UTF-8"?>
<!-- Generated by org.testng.reporters.JUnitXMLReporter -->
<testsuite ignored="0" hostname="LAPTOP-Zico" failures="1" tests="3" name="Sanity Test" time="3.74" errors="0" timestamp="2022-10-02T23:58:56 CEST">
  <testcase classname="ui.webTest" name="homePageTest" time="2.443"/>
  <testcase classname="ui.webTestSoftAssert" name="homePageTest2" time="1.257">
    <failure type="java.lang.AssertionError" message="The following asserts failed:
	Page Title Verification expected [Swag Labs TTT] but found [Swag Labs]">
      <![CDATA[java.lang.AssertionError: The following asserts failed:
Page Title Verification expected [Swag Labs TTT] but found [Swag Labs]
at ui.webTestSoftAssert.homePageTest2(webTestSoftAssert.java:33)
at java.base/java.util.ArrayList.forEach(ArrayList.java:1511)
... Removed 30 stack frames]]>
    </failure>
  </testcase> <!-- homePageTest2 -->
  <testcase classname="ui.webTestSoftAssert" name="sampleTest" time="0.002"/>
</testsuite> <!-- Sanity Test -->
