<?xml version="1.0" encoding="UTF-8"?>
<testng-results ignored="3" total="9" passed="5" failed="1" skipped="0">
  <reporter-output>
  </reporter-output>
  <suite started-at="2022-10-02T23:58:52 CEST" name="Sanity Suite" finished-at="2022-10-02T23:58:56 CEST" duration-ms="3740">
    <groups>
      <group name="regression">
        <method signature="webTestSoftAssert.sampleTest()[pri:0, instance:ui.webTestSoftAssert@ffaa6af]" name="sampleTest" class="ui.webTestSoftAssert"/>
      </group> <!-- regression -->
    </groups>
    <test started-at="2022-10-02T23:58:52 CEST" name="Sanity Test" finished-at="2022-10-02T23:58:56 CEST" duration-ms="3740">
      <class name="ui.webTest">
        <test-method signature="homePageTest()[pri:0, instance:ui.webTest@43dac38f]" started-at="2022-10-02T23:58:52 CEST" name="homePageTest" finished-at="2022-10-02T23:58:54 CEST" duration-ms="2443" status="PASS">
          <reporter-output>
          </reporter-output>
        </test-method> <!-- homePageTest -->
      </class> <!-- ui.webTest -->
      <class name="ui.webTestSoftAssert">
        <test-method signature="homePageTest2()[pri:0, instance:ui.webTestSoftAssert@ffaa6af]" started-at="2022-10-02T23:58:54 CEST" name="homePageTest2" finished-at="2022-10-02T23:58:56 CEST" duration-ms="1257" status="FAIL">
          <exception class="java.lang.AssertionError">
            <message>
              <![CDATA[The following asserts failed:
Page Title Verification expected [Swag Labs TTT] but found [Swag Labs]]]>
            </message>
            <full-stacktrace>
              <![CDATA[java.lang.AssertionError: The following asserts failed:
Page Title Verification expected [Swag Labs TTT] but found [Swag Labs]
at org.testng.asserts.SoftAssert.assertAll(SoftAssert.java:46)
at org.testng.asserts.SoftAssert.assertAll(SoftAssert.java:30)
at ui.webTestSoftAssert.homePageTest2(webTestSoftAssert.java:33)
at java.base/jdk.internal.reflect.NativeMethodAccessorImpl.invoke0(Native Method)
at java.base/jdk.internal.reflect.NativeMethodAccessorImpl.invoke(NativeMethodAccessorImpl.java:77)
at java.base/jdk.internal.reflect.DelegatingMethodAccessorImpl.invoke(DelegatingMethodAccessorImpl.java:43)
at java.base/java.lang.reflect.Method.invoke(Method.java:568)
at org.testng.internal.invokers.MethodInvocationHelper.invokeMethod(MethodInvocationHelper.java:135)
at org.testng.internal.invokers.TestInvoker.invokeMethod(TestInvoker.java:673)
at org.testng.internal.invokers.TestInvoker.invokeTestMethod(TestInvoker.java:220)
at org.testng.internal.invokers.MethodRunner.runInSequence(MethodRunner.java:50)
at org.testng.internal.invokers.TestInvoker$MethodInvocationAgent.invoke(TestInvoker.java:945)
at org.testng.internal.invokers.TestInvoker.invokeTestMethods(TestInvoker.java:193)
at org.testng.internal.invokers.TestMethodWorker.invokeTestMethods(TestMethodWorker.java:146)
at org.testng.internal.invokers.TestMethodWorker.run(TestMethodWorker.java:128)
at java.base/java.util.ArrayList.forEach(ArrayList.java:1511)
at org.testng.TestRunner.privateRun(TestRunner.java:808)
at org.testng.TestRunner.run(TestRunner.java:603)
at org.testng.SuiteRunner.runTest(SuiteRunner.java:429)
at org.testng.SuiteRunner.runSequentially(SuiteRunner.java:423)
at org.testng.SuiteRunner.privateRun(SuiteRunner.java:383)
at org.testng.SuiteRunner.run(SuiteRunner.java:326)
at org.testng.SuiteRunnerWorker.runSuite(SuiteRunnerWorker.java:52)
at org.testng.SuiteRunnerWorker.run(SuiteRunnerWorker.java:95)
at org.testng.TestNG.runSuitesSequentially(TestNG.java:1249)
at org.testng.TestNG.runSuitesSequentially(TestNG.java:1244)
at org.testng.TestNG.runSuitesLocally(TestNG.java:1169)
at org.testng.TestNG.runSuites(TestNG.java:1092)
at org.testng.TestNG.run(TestNG.java:1060)
at org.testng.remote.AbstractRemoteTestNG.run(AbstractRemoteTestNG.java:115)
at org.testng.remote.RemoteTestNG.initAndRun(RemoteTestNG.java:251)
at org.testng.remote.RemoteTestNG.main(RemoteTestNG.java:77)
]]>
            </full-stacktrace>
          </exception> <!-- java.lang.AssertionError -->
          <reporter-output>
          </reporter-output>
        </test-method> <!-- homePageTest2 -->
        <test-method signature="sampleTest()[pri:0, instance:ui.webTestSoftAssert@ffaa6af]" started-at="2022-10-02T23:58:56 CEST" name="sampleTest" finished-at="2022-10-02T23:58:56 CEST" duration-ms="2" status="PASS">
          <reporter-output>
          </reporter-output>
        </test-method> <!-- sampleTest -->
      </class> <!-- ui.webTestSoftAssert -->
    </test> <!-- Sanity Test -->
  </suite> <!-- Sanity Suite -->
  <suite started-at="2022-10-02T23:58:56 CEST" name="Master Suite" finished-at="2022-10-02T23:58:56 CEST" duration-ms="0">
    <groups>
    </groups>
  </suite> <!-- Master Suite -->
  <suite started-at="2022-10-02T23:58:56 CEST" name="Regression Suite" finished-at="2022-10-02T23:58:56 CEST" duration-ms="9">
    <groups>
      <group name="user-registration">
        <method signature="groupDemoTest.aTest()[pri:0, instance:ui.groupDemoTest@1a6d8329]" name="aTest" class="ui.groupDemoTest"/>
        <method signature="groupDemoTest.cTest()[pri:0, instance:ui.groupDemoTest@1a6d8329]" name="cTest" class="ui.groupDemoTest"/>
      </group> <!-- user-registration -->
      <group name="regression">
        <method signature="groupDemoTest.aTest()[pri:0, instance:ui.groupDemoTest@1a6d8329]" name="aTest" class="ui.groupDemoTest"/>
        <method signature="groupDemoTest.cTest()[pri:0, instance:ui.groupDemoTest@1a6d8329]" name="cTest" class="ui.groupDemoTest"/>
        <method signature="webTestSoftAssert.sampleTest()[pri:0, instance:ui.webTestSoftAssert@1a942c18]" name="sampleTest" class="ui.webTestSoftAssert"/>
      </group> <!-- regression -->
      <group name="smoke">
        <method signature="groupDemoTest.cTest()[pri:0, instance:ui.groupDemoTest@1a6d8329]" name="cTest" class="ui.groupDemoTest"/>
      </group> <!-- smoke -->
    </groups>
    <test started-at="2022-10-02T23:58:56 CEST" name="Functional Testing" finished-at="2022-10-02T23:58:56 CEST" duration-ms="9">
      <class name="ui.groupDemoTest">
        <test-method signature="aTest()[pri:0, instance:ui.groupDemoTest@1a6d8329]" started-at="2022-10-02T23:58:56 CEST" name="aTest" finished-at="2022-10-02T23:58:56 CEST" duration-ms="1" status="PASS">
          <reporter-output>
          </reporter-output>
        </test-method> <!-- aTest -->
        <test-method signature="cTest()[pri:0, instance:ui.groupDemoTest@1a6d8329]" started-at="2022-10-02T23:58:56 CEST" name="cTest" description="payment" finished-at="2022-10-02T23:58:56 CEST" duration-ms="1" status="PASS">
          <reporter-output>
          </reporter-output>
        </test-method> <!-- cTest -->
      </class> <!-- ui.groupDemoTest -->
      <class name="ui.webTestSoftAssert">
        <test-method signature="sampleTest()[pri:0, instance:ui.webTestSoftAssert@1a942c18]" started-at="2022-10-02T23:58:56 CEST" name="sampleTest" finished-at="2022-10-02T23:58:56 CEST" duration-ms="1" status="PASS">
          <reporter-output>
          </reporter-output>
        </test-method> <!-- sampleTest -->
      </class> <!-- ui.webTestSoftAssert -->
    </test> <!-- Functional Testing -->
  </suite> <!-- Regression Suite -->
</testng-results>
