<?xml version="1.0" encoding="UTF-8"?>
<!-- Generated by org.testng.reporters.JUnitXMLReporter -->
<testsuite ignored="1" hostname="LAPTOP-Zico" failures="0" tests="1" name="Functionality" time="0.03" errors="0" timestamp="2022-02-19T13:03:02 CET">
  <testcase classname="utility.MyLauncher" name="@BeforeSuite SetUp" time="-1.645272182067E9">
    <failure type="org.testng.TestNGException" message="
Method SetUp requires 1 parameters but 2 were supplied in the BeforeSuite annotation.">
      <![CDATA[org.testng.TestNGException: 
Method SetUp requires 1 parameters but 2 were supplied in the BeforeSuite annotation.
... Removed 16 stack frames]]>
    </failure>
  </testcase> <!-- @BeforeSuite SetUp -->
  <testcase classname="utility.loginTest" name="checkTitle" time="0.0">
    <skipped/>
  </testcase> <!-- checkTitle -->
  <testcase classname="utility.loginTest" name="checkLogin" time="0.0">
    <ignored/>
  </testcase> <!-- checkLogin -->
</testsuite> <!-- Functionality -->
